[2025-12-06 17:31:32.302] [INFO] start exercise
[2025-12-06 17:31:32.302] [INFO] end exercise
[2025-12-25 17:40:36.177] [INFO] start exercise
[2025-12-25 19:27:37.578] [INFO] start exercise
[2025-12-25 19:27:37.579] [INFO] end exercise
[2025-12-25 19:48:59.550] [INFO] start exercise
[2025-12-25 19:48:59.551] [INFO] end exercise
[2025-12-25 19:52:53.781] [INFO] start exercise
[2025-12-25 19:52:53.781] [INFO] end exercise
[2025-12-25 20:10:12.080] [INFO] start exercise
[2025-12-25 20:10:12.080] [INFO] end exercise
[2025-12-25 20:27:14.134] [INFO] start exercise
[2025-12-25 20:27:14.134] [INFO] end exercise
[2025-12-25 20:53:44.356] [INFO] start exercise
[2025-12-25 20:53:44.356] [INFO] end exercise
[2025-12-26 16:47:45.563] [INFO] start exercise
[2025-12-26 16:47:45.564] [INFO] end exercise
2025-12-29 14:21:15.090 INFO [tid:14585803] start exercise
2025-12-29 14:21:15.091 INFO [tid:14585803] end exercise
2025-12-31 10:20:16.509 INFO [tid:15327439] start exercise
2025-12-31 10:24:36.400 INFO [tid:15330184] start exercise
2025-12-31 10:27:43.650 INFO [tid:15332027] start exercise
2025-12-31 10:27:43.651 INFO [tid:15332027] a.d=3.14000
2025-12-31 10:27:43.651 INFO [tid:15332027] a.d=3.14000
2025-12-31 10:27:43.651 INFO [tid:15332027] a.d=3.14000
2025-12-31 10:27:43.651 INFO [tid:15332027] a.d=3.14000
2025-12-31 10:27:43.651 INFO [tid:15332027] a.d=3.14000
2025-12-31 10:27:43.651 INFO [tid:15332027] a.d=3.14000
2025-12-31 10:27:43.651 INFO [tid:15332027] a.d=3.14000
2025-12-31 10:27:43.651 INFO [tid:15332027] end exercise
2025-12-31 10:37:49.894 INFO [tid:15338701] start exercise
2025-12-31 10:37:49.895 INFO [tid:15338701] test_bound(-1)=3.140000
2025-12-31 10:37:49.895 INFO [tid:15338701] test_bound(0)=3.140000
2025-12-31 10:37:49.895 INFO [tid:15338701] test_bound(1)=3.140000
2025-12-31 10:37:49.895 INFO [tid:15338701] test_bound(2)=3.140000
2025-12-31 10:37:49.895 INFO [tid:15338701] test_bound(3)=3.140000
2025-12-31 10:37:49.895 INFO [tid:15338701] test_bound(4)=3.140000
2025-12-31 10:37:49.895 INFO [tid:15338701] test_bound(5)=3.140000
2025-12-31 10:37:49.895 INFO [tid:15338701] end exercise
2025-12-31 10:38:57.638 INFO [tid:15339302] start exercise
2025-12-31 10:38:57.639 INFO [tid:15339302] test_bound(-1)=3.140000
2025-12-31 10:38:57.639 INFO [tid:15339302] test_bound(0)=3.140000
2025-12-31 10:38:57.639 INFO [tid:15339302] test_bound(1)=3.140000
2025-12-31 10:38:57.639 INFO [tid:15339302] test_bound(2)=3.140000
2025-12-31 10:38:57.639 INFO [tid:15339302] test_bound(3)=3.140000
2025-12-31 10:38:57.639 INFO [tid:15339302] test_bound(4)=3.140000
2025-12-31 10:38:57.639 INFO [tid:15339302] test_bound(5)=3.140000
2025-12-31 10:38:57.639 INFO [tid:15339302] end exercise
2025-12-31 21:44:14.114 INFO [tid:15576495] start exercise
2025-12-31 21:44:14.116 INFO [tid:15576495] end exercise
2025-12-31 21:44:49.362 INFO [tid:15576854] start exercise
2025-12-31 21:44:49.363 INFO [tid:15576854] end exercise
2025-12-31 21:45:07.498 INFO [tid:15577102] start exercise
2025-12-31 21:45:07.499 DEBUG [tid:15577102] test param.i=10
2025-12-31 21:45:07.499 INFO [tid:15577102] end exercise
2026-01-04 14:59:59.768 INFO [tid:181878] start exercise
2026-01-04 14:59:59.769 DEBUG [tid:181878] test param.i=10
2026-01-04 14:59:59.769 INFO [tid:181878] end exercise
2026-01-05 10:05:08.101 INFO [tid:692615] start exercise
2026-01-05 10:05:08.101 DEBUG [tid:692615] test param.i=10
2026-01-05 10:05:08.101 INFO [tid:692615] end exercise
